Arguments: 
  C:\Program Files\nodejs\node.exe C:\Program Files (x86)\Yarn\bin\yarn.js install

PATH: 
  C:\Program Files\PowerShell\7;C:\WINDOWS\system32;C:\WINDOWS;C:\WINDOWS\System32\Wbem;C:\WINDOWS\System32\WindowsPowerShell\v1.0\;C:\WINDOWS\System32\OpenSSH\;C:\Program Files\dotnet\;C:\Program Files\MongoDB\Server\4.2\bin;C:\Program Files\Git\cmd;C:\Program Files (x86)\Yarn\bin\;C:\Program Files\PuTTY\;C:\ProgramData\ComposerSetup\bin;C:\Program Files\PowerShell\7\;C:\Program Files\nodejs\;C:\Users\Adonis\.local\share\solana\install\active_release\bin;C:\Users\Adonis\AppData\Local\Microsoft\WindowsApps;C:\Users\Adonis\.dotnet\tools;C:\Program Files\MongoDB\Server\4.2\bin;C:\Users\Adonis\AppData\Local\GitHubDesktop\bin;C:\Users\Adonis\AppData\Local\Programs\Microsoft VS Code\bin;C:\Users\Adonis\AppData\Local\Yarn\bin;C:\xampp\php;C:\Users\Adonis\AppData\Roaming\Composer\vendor\bin;C:\Users\Adonis\AppData\Roaming\npm;C:\Program Files\heroku\bin

Yarn version: 
  1.22.4

Node version: 
  16.15.0

Platform: 
  win32 x64

Trace: 
  Error: getaddrinfo ENOTFOUND registry.yarnpkg.com
      at GetAddrInfoReqWrap.onlookup [as oncomplete] (node:dns:71:26)

npm manifest: 
  {
  	"name": "astog",
  	"version": "1.0.0",
  	"description": "",
  	"main": "index.js",
  	"scripts": {
  		"test": "npx hardhat test",
  		"clean": "rm -rf artifacts cache"
  	},
  	"keywords": [],
  	"author": "",
  	"license": "ISC",
  	"devDependencies": {
  		"@nomiclabs/hardhat-ethers": "^2.0.2",
  		"@nomiclabs/hardhat-waffle": "^2.0.1",
  		"chai": "^4.3.4",
  		"ethereum-waffle": "^3.4.0",
  		"ethers": "^5.4.6",
  		"hardhat": "^2.6.4",
  		"prettier-plugin-solidity": "^1.0.0-beta.18"
  	},
  	"dependencies": {
  		"@openzeppelin/contracts": "^4.3.1"
  	}
  }

yarn manifest: 
  No manifest

Lockfile: 
  No lockfile
